2025-03-07 10:16:43,533 - PDFExtractor - INFO - Starting processing of directory: data/docs
2025-03-07 10:16:43,534 - PDFExtractor - WARNING - No PDF files found in data/docs
2025-03-07 10:17:43,843 - PDFExtractor - INFO - NLTK resources downloaded successfully
2025-03-07 10:17:43,845 - PDFExtractor - INFO - Starting processing of directory: data/docs
2025-03-07 10:17:43,847 - PDFExtractor - INFO - Found 52 PDF files. Processing (sorted by size)...
2025-03-07 10:17:43,848 - PDFExtractor - WARNING - pdfplumber not available. Install with: pip install pdfplumber
2025-03-07 10:17:43,849 - PDFExtractor - WARNING - OCR not available. Install with: pip install pytesseract pdf2image
2025-03-07 10:17:43,865 - PDFExtractor - INFO - Processing data/docs/Acarya K._Know Yourself…your signs …your destiny.pdf...
2025-03-07 10:17:44,701 - PDFExtractor - INFO - Processed Acarya K._Know Yourself…your signs …your destiny.pdf: 730 sentences in 0.83 seconds
2025-03-07 10:17:44,701 - PDFExtractor - INFO - Processing data/docs/ancient.pdf...
2025-03-07 10:17:44,817 - PDFExtractor - INFO - Processed ancient.pdf: 0 sentences in 0.12 seconds
2025-03-07 10:17:44,818 - PDFExtractor - INFO - Processing data/docs/202004132156500824Anil_Kumar_Porwa_jyotir_Western_Astrology.pdf...
2025-03-07 10:17:45,601 - PDFExtractor - INFO - Processed 202004132156500824Anil_Kumar_Porwa_jyotir_Western_Astrology.pdf: 229 sentences in 0.78 seconds
2025-03-07 10:17:45,602 - PDFExtractor - INFO - Processing data/docs/The Zodiac.pdf...
2025-03-07 10:17:46,085 - PDFExtractor - INFO - Processed The Zodiac.pdf: 129 sentences in 0.48 seconds
2025-03-07 10:17:46,085 - PDFExtractor - INFO - Processing data/docs/Astrology for Beginners_Anil Kumar Jain_rectification.pdf...
2025-03-07 10:17:47,081 - PDFExtractor - INFO - Processed Astrology for Beginners_Anil Kumar Jain_rectification.pdf: 2839 sentences in 1.00 seconds
2025-03-07 10:17:47,082 - PDFExtractor - INFO - Processing data/docs/goeyardi-et-al-2021-financial-analysis-method-based-on-astrology-fibonacci-and-astronacci-to-find-a-date-of-direction.pdf...
2025-03-07 10:17:47,307 - PDFExtractor - INFO - Processed goeyardi-et-al-2021-financial-analysis-method-based-on-astrology-fibonacci-and-astronacci-to-find-a-date-of-direction.pdf: 365 sentences in 0.22 seconds
2025-03-07 10:17:47,307 - PDFExtractor - INFO - Processing data/docs/The Project Gutenberg eBook of Within the Temple of Isis, by Belle M. Wagner_.pdf...
2025-03-07 10:17:48,040 - PDFExtractor - INFO - Processed The Project Gutenberg eBook of Within the Temple of Isis, by Belle M. Wagner_.pdf: 918 sentences in 0.73 seconds
2025-03-07 10:17:48,040 - PDFExtractor - INFO - Processing data/docs/The Project Gutenberg eBook of Studies in Occultism, by H. P. Blavatsky_.pdf...
2025-03-07 10:17:48,515 - PDFExtractor - INFO - Processed The Project Gutenberg eBook of Studies in Occultism, by H. P. Blavatsky_.pdf: 0 sentences in 0.47 seconds
2025-03-07 10:17:48,516 - PDFExtractor - INFO - Processing data/docs/The Project Gutenberg eBook of The Human Aura, by Swami Panchadasi_.pdf...
2025-03-07 10:17:49,169 - PDFExtractor - INFO - Processed The Project Gutenberg eBook of The Human Aura, by Swami Panchadasi_.pdf: 755 sentences in 0.65 seconds
2025-03-07 10:17:49,170 - PDFExtractor - INFO - Processing data/docs/9780470098400-0735493.pdf...
2025-03-07 10:17:49,345 - PDFExtractor - INFO - Processed 9780470098400-0735493.pdf: 191 sentences in 0.17 seconds
2025-03-07 10:17:49,346 - PDFExtractor - INFO - Processing data/docs/The Project Gutenberg eBook of The Kybalion A Study of The Hermetic Philosophy of Ancient Egypt and Greece, by Three Initiates.pdf...
2025-03-07 10:17:50,612 - PDFExtractor - INFO - Processed The Project Gutenberg eBook of The Kybalion A Study of The Hermetic Philosophy of Ancient Egypt and Greece, by Three Initiates.pdf: 1303 sentences in 1.27 seconds
2025-03-07 10:17:50,612 - PDFExtractor - INFO - Processing data/docs/The Project Gutenberg eBook of The White Spark, by Orville Livingston Leach_.pdf...
2025-03-07 10:17:51,230 - PDFExtractor - INFO - Processed The Project Gutenberg eBook of The White Spark, by Orville Livingston Leach_.pdf: 743 sentences in 0.62 seconds
2025-03-07 10:17:51,231 - PDFExtractor - INFO - Processing data/docs/elements-of-astrology.pdf...
2025-03-07 10:17:52,579 - PDFExtractor - INFO - Processed elements-of-astrology.pdf: 2193 sentences in 1.35 seconds
2025-03-07 10:17:52,580 - PDFExtractor - INFO - Processing data/docs/Intro-To-Astrology-27-03-2012.pdf...
2025-03-07 10:17:52,859 - PDFExtractor - INFO - Processed Intro-To-Astrology-27-03-2012.pdf: 156 sentences in 0.28 seconds
2025-03-07 10:17:52,860 - PDFExtractor - INFO - Processing data/docs/SaturninHouses.pdf...
2025-03-07 10:17:54,056 - PDFExtractor - INFO - Processed SaturninHouses.pdf: 0 sentences in 1.20 seconds
2025-03-07 10:17:54,057 - PDFExtractor - INFO - Processing data/docs/The Secrets of Black Arts _ Project Gutenberg.pdf...
2025-03-07 10:17:55,421 - PDFExtractor - INFO - Processed The Secrets of Black Arts _ Project Gutenberg.pdf: 1290 sentences in 1.36 seconds
2025-03-07 10:17:55,422 - PDFExtractor - INFO - Processing data/docs/The Project Gutenberg eBook of The Initiates of the Flame, by Manly Palmer Hall_.pdf...
2025-03-07 10:17:56,009 - PDFExtractor - INFO - Processed The Project Gutenberg eBook of The Initiates of the Flame, by Manly Palmer Hall_.pdf: 606 sentences in 0.59 seconds
2025-03-07 10:17:56,009 - PDFExtractor - INFO - Processing data/docs/SiderealAstrologyChart.pdf...
2025-03-07 10:17:56,356 - PDFExtractor - INFO - Processed SiderealAstrologyChart.pdf: 108 sentences in 0.35 seconds
2025-03-07 10:17:56,357 - PDFExtractor - INFO - Processing data/docs/VedicAstrologyChart.pdf...
2025-03-07 10:17:56,633 - PDFExtractor - INFO - Processed VedicAstrologyChart.pdf: 108 sentences in 0.28 seconds
2025-03-07 10:17:56,633 - PDFExtractor - INFO - Processing data/docs/The Project Gutenberg eBook of The Light of Egypt; Or, The Science of the Soul and the Stars — Volume 2, by Thomas H. Burgoyne and Belle M. Wagner.pdf...
2025-03-07 10:17:58,318 - PDFExtractor - INFO - Processed The Project Gutenberg eBook of The Light of Egypt; Or, The Science of the Soul and the Stars — Volume 2, by Thomas H. Burgoyne and Belle M. Wagner.pdf: 1763 sentences in 1.68 seconds
2025-03-07 10:17:58,318 - PDFExtractor - INFO - Processing data/docs/The Project Gutenberg eBook of Thaumaturgia; Or, Elucidations of the Marvellous, by Oxonian.pdf...
2025-03-07 10:18:01,464 - PDFExtractor - INFO - Processed The Project Gutenberg eBook of Thaumaturgia; Or, Elucidations of the Marvellous, by Oxonian.pdf: 2746 sentences in 3.15 seconds
2025-03-07 10:18:01,465 - PDFExtractor - INFO - Processing data/docs/1two85kx8wu79mgk7jzy.pdf...
2025-03-07 10:18:03,262 - PDFExtractor - INFO - Processed 1two85kx8wu79mgk7jzy.pdf: 4610 sentences in 1.80 seconds
2025-03-07 10:18:03,263 - PDFExtractor - INFO - Processing data/docs/An Outline of Occult Science by Rudolf Steiner.pdf...
2025-03-07 10:18:06,973 - PDFExtractor - INFO - Processed An Outline of Occult Science by Rudolf Steiner.pdf: 4189 sentences in 3.71 seconds
2025-03-07 10:18:06,973 - PDFExtractor - INFO - Processing data/docs/use-of-fixed-stars-in-astrology.pdf...
2025-03-07 10:18:09,643 - PDFExtractor - INFO - Processed use-of-fixed-stars-in-astrology.pdf: 5870 sentences in 2.67 seconds
2025-03-07 10:18:09,644 - PDFExtractor - INFO - Processing data/docs/The Project Gutenberg eBook of Modern Magic, by M. Schele De Vere.pdf...
2025-03-07 10:18:12,812 - PDFExtractor - INFO - Processed The Project Gutenberg eBook of Modern Magic, by M. Schele De Vere.pdf: 0 sentences in 3.17 seconds
2025-03-07 10:18:12,813 - PDFExtractor - INFO - Processing data/docs/pdfcoffee.com-john-frawley-the-horary-textbook.pdf...
2025-03-07 10:18:15,546 - PDFExtractor - INFO - Processed pdfcoffee.com-john-frawley-the-horary-textbook.pdf: 0 sentences in 2.73 seconds
2025-03-07 10:18:15,547 - PDFExtractor - INFO - Processing data/docs/Human Animals by Frank Hamel--A Project Gutenberg eBook_.pdf...
2025-03-07 10:18:18,346 - PDFExtractor - INFO - Processed Human Animals by Frank Hamel--A Project Gutenberg eBook_.pdf: 36 sentences in 2.80 seconds
2025-03-07 10:18:18,347 - PDFExtractor - INFO - Processing data/docs/BigThree.pdf...
2025-03-07 10:18:20,109 - PDFExtractor - INFO - Processed BigThree.pdf: 761 sentences in 1.76 seconds
2025-03-07 10:18:20,110 - PDFExtractor - INFO - Processing data/docs/VedicAstrologyforEveryone.pdf...
2025-03-07 10:18:21,566 - PDFExtractor - INFO - Processed VedicAstrologyforEveryone.pdf: 688 sentences in 1.46 seconds
2025-03-07 10:18:21,567 - PDFExtractor - INFO - Processing data/docs/AstrologyforBeginners.pdf...
2025-03-07 10:18:23,387 - PDFExtractor - INFO - Processed AstrologyforBeginners.pdf: 774 sentences in 1.82 seconds
2025-03-07 10:18:23,388 - PDFExtractor - INFO - Processing data/docs/theonlyastrologybookyouwilleverneed.pdf...
2025-03-07 10:18:27,962 - PDFExtractor - INFO - Processed theonlyastrologybookyouwilleverneed.pdf: 9976 sentences in 4.57 seconds
2025-03-07 10:18:27,962 - PDFExtractor - INFO - Processing data/docs/SaturninSigns.pdf...
2025-03-07 10:18:29,127 - PDFExtractor - INFO - Processed SaturninSigns.pdf: 504 sentences in 1.16 seconds
2025-03-07 10:18:29,127 - PDFExtractor - INFO - Processing data/docs/vedic_astro_textbook.pdf...
2025-03-07 10:18:36,690 - PDFExtractor - INFO - Processed vedic_astro_textbook.pdf: 8719 sentences in 7.56 seconds
2025-03-07 10:18:36,691 - PDFExtractor - INFO - Processing data/docs/Essential_Astrology_-_Amy_Herring.pdf...
2025-03-07 10:18:40,206 - PDFExtractor - INFO - Processed Essential_Astrology_-_Amy_Herring.pdf: 4554 sentences in 3.51 seconds
2025-03-07 10:18:40,207 - PDFExtractor - INFO - Processing data/docs/45674591.pdf...
2025-03-07 10:18:43,808 - PDFExtractor - INFO - Processed 45674591.pdf: 6 sentences in 3.60 seconds
2025-03-07 10:18:43,809 - PDFExtractor - INFO - Processing data/docs/The lesser key of Solomon _ Project Gutenberg.pdf...
2025-03-07 10:18:44,619 - PDFExtractor - INFO - Processed The lesser key of Solomon _ Project Gutenberg.pdf: 0 sentences in 0.81 seconds
2025-03-07 10:18:44,619 - PDFExtractor - INFO - Processing data/docs/lal-ketab-astrology-book.pdf...
2025-03-07 10:18:49,142 - PDFExtractor - INFO - Processed lal-ketab-astrology-book.pdf: 10455 sentences in 4.52 seconds
2025-03-07 10:18:49,143 - PDFExtractor - INFO - Processing data/docs/CERN-ARCH-PMC-06-353.pdf...
2025-03-07 10:18:49,155 - PDFExtractor - WARNING - Suspiciously little text (0 chars) from 20 pages
2025-03-07 10:18:49,156 - PDFExtractor - WARNING - No text extracted from CERN-ARCH-PMC-06-353.pdf, skipping
2025-03-07 10:18:49,156 - PDFExtractor - INFO - Processing data/docs/300 important combinations_B.V. Raman.pdf...
2025-03-07 10:18:51,479 - PDFExtractor - INFO - Processed 300 important combinations_B.V. Raman.pdf: 0 sentences in 2.32 seconds
2025-03-07 10:18:51,480 - PDFExtractor - INFO - Processing data/docs/Advanced Techniques of Astrological  Predictions.pdf...
2025-03-07 10:18:59,823 - PDFExtractor - INFO - Processed Advanced Techniques of Astrological  Predictions.pdf: 0 sentences in 8.34 seconds
2025-03-07 10:18:59,824 - PDFExtractor - INFO - Processing data/docs/A.K. Gour_Astrology of Professions.pdf...
2025-03-07 10:19:02,144 - PDFExtractor - INFO - Processed A.K. Gour_Astrology of Professions.pdf: 2805 sentences in 2.32 seconds
2025-03-07 10:19:02,145 - PDFExtractor - INFO - Processing data/docs/The Project Gutenberg eBook of Occult Chemistry, by Annie Besant and Charles W. Leadbeater.pdf...
2025-03-07 10:19:03,208 - PDFExtractor - INFO - Processed The Project Gutenberg eBook of Occult Chemistry, by Annie Besant and Charles W. Leadbeater.pdf: 85 sentences in 1.06 seconds
2025-03-07 10:19:03,208 - PDFExtractor - INFO - Processing data/docs/12 houses_Garga hora_Santhanam.pdf...
2025-03-07 10:19:13,642 - PDFExtractor - INFO - Processed 12 houses_Garga hora_Santhanam.pdf: 0 sentences in 10.43 seconds
2025-03-07 10:19:13,644 - PDFExtractor - INFO - Processing data/docs/Cosmic Symbolism _ Project Gutenberg.pdf...
2025-03-07 10:19:15,784 - PDFExtractor - INFO - Processed Cosmic Symbolism _ Project Gutenberg.pdf: 357 sentences in 2.14 seconds
2025-03-07 10:19:15,785 - PDFExtractor - INFO - Processing data/docs/Ancient Astronomy.pdf...
2025-03-07 10:19:20,816 - PDFExtractor - INFO - Processed Ancient Astronomy.pdf: 0 sentences in 5.03 seconds
2025-03-07 10:19:20,816 - PDFExtractor - INFO - Processing data/docs/manualofastrologyRAPHAEL.pdf...
2025-03-07 10:19:20,941 - PDFExtractor - INFO - Processed manualofastrologyRAPHAEL.pdf: 0 sentences in 0.12 seconds
2025-03-07 10:19:20,941 - PDFExtractor - INFO - Processing data/docs/occultsciencesco00wait_bw.pdf...
2025-03-07 10:19:24,241 - PDFExtractor - INFO - Processed occultsciencesco00wait_bw.pdf: 0 sentences in 3.30 seconds
2025-03-07 10:19:24,243 - PDFExtractor - INFO - Processing data/docs/The.Complete.Idiots.Guide.to.Astrology.3HAXAP.pdf...
2025-03-07 10:19:28,080 - PDFExtractor - INFO - Processed The.Complete.Idiots.Guide.to.Astrology.3HAXAP.pdf: 0 sentences in 3.84 seconds
2025-03-07 10:19:28,080 - PDFExtractor - INFO - Processing data/docs/service-gdc-gdclccn-ca-31-00-07-69-ca31000769-ca31000769.pdf...
2025-03-07 10:19:38,829 - PDFExtractor - INFO - Processed service-gdc-gdclccn-ca-31-00-07-69-ca31000769-ca31000769.pdf: 1922 sentences in 10.75 seconds
2025-03-07 10:19:38,829 - PDFExtractor - INFO - Processing data/docs/public-gdcmassbookdig-threebooksofoccu00agri-threebooksofoccu00agri.pdf...
2025-03-07 10:19:41,665 - PDFExtractor - INFO - Processed public-gdcmassbookdig-threebooksofoccu00agri-threebooksofoccu00agri.pdf: 0 sentences in 2.84 seconds
2025-03-07 10:19:41,666 - PDFExtractor - INFO - Processing data/docs/Book_1969_Liewellyn_A To Z Horoscope Maker And Delineator_KP red it.pdf...
2025-03-07 10:19:41,666 - PDFExtractor - INFO - Large file detected (21.8MB): Book_1969_Liewellyn_A To Z Horoscope Maker And Delineator_KP red it.pdf
2025-03-07 10:20:39,677 - PDFExtractor - INFO - Processed Book_1969_Liewellyn_A To Z Horoscope Maker And Delineator_KP red it.pdf: 0 sentences in 58.01 seconds
2025-03-07 10:20:39,677 - PDFExtractor - INFO - Processing data/docs/elementsofastrol00brou.pdf...
2025-03-07 10:20:39,678 - PDFExtractor - INFO - Large file detected (44.5MB): elementsofastrol00brou.pdf
2025-03-07 10:21:20,737 - PDFExtractor - INFO - Processed elementsofastrol00brou.pdf: 0 sentences in 41.06 seconds
2025-03-07 10:21:20,739 - PDFExtractor - INFO - Raw extracted text saved to data/extracted_text.txt
2025-03-07 10:21:20,739 - PDFExtractor - INFO - Cleaned text for Word2Vec saved to data/cleaned_text.txt
2025-03-07 10:21:20,739 - PDFExtractor - INFO - Processing complete in 216.89 seconds
2025-03-07 10:21:20,740 - PDFExtractor - INFO - Successfully processed 51 files (0 with OCR, 0 with fallback)
2025-03-07 10:21:20,740 - PDFExtractor - INFO - Skipped 1 files
2025-03-07 10:21:20,740 - PDFExtractor - INFO - Found 73483 sentences for Word2Vec training
2025-03-07 10:21:20,741 - PDFExtractor - INFO - Training Word2Vec model...
2025-03-07 10:21:20,741 - PDFExtractor - INFO - Using 10 CPU cores for training
2025-03-07 10:21:20,741 - gensim.models.word2vec - INFO - collecting all words and their counts
2025-03-07 10:21:20,742 - gensim.models.word2vec - INFO - PROGRESS: at sentence #0, processed 0 words, keeping 0 word types
2025-03-07 10:21:20,778 - gensim.models.word2vec - INFO - PROGRESS: at sentence #10000, processed 114200 words, keeping 17214 word types
2025-03-07 10:21:20,797 - gensim.models.word2vec - INFO - PROGRESS: at sentence #20000, processed 251829 words, keeping 27858 word types
2025-03-07 10:21:20,809 - gensim.models.word2vec - INFO - PROGRESS: at sentence #30000, processed 375317 words, keeping 34598 word types
2025-03-07 10:21:20,822 - gensim.models.word2vec - INFO - PROGRESS: at sentence #40000, processed 475489 words, keeping 42805 word types
2025-03-07 10:21:20,833 - gensim.models.word2vec - INFO - PROGRESS: at sentence #50000, processed 561955 words, keeping 48076 word types
2025-03-07 10:21:20,848 - gensim.models.word2vec - INFO - PROGRESS: at sentence #60000, processed 670726 words, keeping 50903 word types
2025-03-07 10:21:20,860 - gensim.models.word2vec - INFO - PROGRESS: at sentence #70000, processed 763275 words, keeping 51883 word types
2025-03-07 10:21:20,864 - gensim.models.word2vec - INFO - collected 53042 word types from a corpus of 801729 raw words and 73483 sentences
2025-03-07 10:21:20,865 - gensim.models.word2vec - INFO - Creating a fresh vocabulary
2025-03-07 10:21:20,878 - gensim.utils - INFO - Word2Vec lifecycle event {'msg': 'effective_min_count=20 retains 5383 unique words (10.15% of original 53042, drops 47659)', 'datetime': '2025-03-07T10:21:20.878589', 'gensim': '4.3.3', 'python': '3.11.11 (main, Dec  3 2024, 17:20:40) [Clang 16.0.0 (clang-1600.0.26.4)]', 'platform': 'macOS-15.3.1-arm64-arm-64bit', 'event': 'prepare_vocab'}
2025-03-07 10:21:20,878 - gensim.utils - INFO - Word2Vec lifecycle event {'msg': 'effective_min_count=20 leaves 651684 word corpus (81.28% of original 801729, drops 150045)', 'datetime': '2025-03-07T10:21:20.878990', 'gensim': '4.3.3', 'python': '3.11.11 (main, Dec  3 2024, 17:20:40) [Clang 16.0.0 (clang-1600.0.26.4)]', 'platform': 'macOS-15.3.1-arm64-arm-64bit', 'event': 'prepare_vocab'}
2025-03-07 10:21:20,889 - gensim.models.word2vec - INFO - deleting the raw counts dictionary of 53042 items
2025-03-07 10:21:20,890 - gensim.models.word2vec - INFO - sample=0.001 downsamples 27 most-common words
2025-03-07 10:21:20,890 - gensim.utils - INFO - Word2Vec lifecycle event {'msg': 'downsampling leaves estimated 624126.9847187756 word corpus (95.8%% of prior 651684)', 'datetime': '2025-03-07T10:21:20.890551', 'gensim': '4.3.3', 'python': '3.11.11 (main, Dec  3 2024, 17:20:40) [Clang 16.0.0 (clang-1600.0.26.4)]', 'platform': 'macOS-15.3.1-arm64-arm-64bit', 'event': 'prepare_vocab'}
2025-03-07 10:21:20,908 - gensim.models.word2vec - INFO - estimated required memory for 5383 words and 400 dimensions: 19917100 bytes
2025-03-07 10:21:20,908 - gensim.models.word2vec - INFO - resetting layer weights
2025-03-07 10:21:20,914 - gensim.utils - INFO - Word2Vec lifecycle event {'update': False, 'trim_rule': 'None', 'datetime': '2025-03-07T10:21:20.914889', 'gensim': '4.3.3', 'python': '3.11.11 (main, Dec  3 2024, 17:20:40) [Clang 16.0.0 (clang-1600.0.26.4)]', 'platform': 'macOS-15.3.1-arm64-arm-64bit', 'event': 'build_vocab'}
2025-03-07 10:21:20,915 - gensim.utils - INFO - Word2Vec lifecycle event {'msg': 'training model with 10 workers on 5383 vocabulary and 400 features, using sg=1 hs=0 sample=0.001 negative=5 window=10 shrink_windows=True', 'datetime': '2025-03-07T10:21:20.915215', 'gensim': '4.3.3', 'python': '3.11.11 (main, Dec  3 2024, 17:20:40) [Clang 16.0.0 (clang-1600.0.26.4)]', 'platform': 'macOS-15.3.1-arm64-arm-64bit', 'event': 'train'}
2025-03-07 10:21:21,919 - gensim.models.word2vec - INFO - EPOCH 0: training on 801729 raw words (624119 effective words) took 1.0s, 625558 effective words/s
2025-03-07 10:21:22,930 - gensim.models.word2vec - INFO - EPOCH 1 - PROGRESS: at 97.81% examples, 605769 words/s, in_qsize 2, out_qsize 1
2025-03-07 10:21:22,950 - gensim.models.word2vec - INFO - EPOCH 1: training on 801729 raw words (624218 effective words) took 1.0s, 609673 effective words/s
2025-03-07 10:21:23,921 - gensim.models.word2vec - INFO - EPOCH 2: training on 801729 raw words (624003 effective words) took 1.0s, 648460 effective words/s
2025-03-07 10:21:24,900 - gensim.models.word2vec - INFO - EPOCH 3: training on 801729 raw words (624002 effective words) took 1.0s, 641698 effective words/s
2025-03-07 10:21:25,862 - gensim.models.word2vec - INFO - EPOCH 4: training on 801729 raw words (623884 effective words) took 1.0s, 654180 effective words/s
2025-03-07 10:21:25,862 - gensim.utils - INFO - Word2Vec lifecycle event {'msg': 'training on 4008645 raw words (3120226 effective words) took 4.9s, 630660 effective words/s', 'datetime': '2025-03-07T10:21:25.862961', 'gensim': '4.3.3', 'python': '3.11.11 (main, Dec  3 2024, 17:20:40) [Clang 16.0.0 (clang-1600.0.26.4)]', 'platform': 'macOS-15.3.1-arm64-arm-64bit', 'event': 'train'}
2025-03-07 10:21:25,863 - gensim.utils - INFO - Word2Vec lifecycle event {'params': 'Word2Vec<vocab=5383, vector_size=400, alpha=0.025>', 'datetime': '2025-03-07T10:21:25.863296', 'gensim': '4.3.3', 'python': '3.11.11 (main, Dec  3 2024, 17:20:40) [Clang 16.0.0 (clang-1600.0.26.4)]', 'platform': 'macOS-15.3.1-arm64-arm-64bit', 'event': 'created'}
2025-03-07 10:21:25,863 - gensim.utils - INFO - Word2Vec lifecycle event {'fname_or_handle': 'models/astro_vec_model', 'separately': 'None', 'sep_limit': 10485760, 'ignore': frozenset(), 'datetime': '2025-03-07T10:21:25.863684', 'gensim': '4.3.3', 'python': '3.11.11 (main, Dec  3 2024, 17:20:40) [Clang 16.0.0 (clang-1600.0.26.4)]', 'platform': 'macOS-15.3.1-arm64-arm-64bit', 'event': 'saving'}
2025-03-07 10:21:25,864 - gensim.utils - INFO - not storing attribute cum_table
2025-03-07 10:21:25,873 - gensim.utils - INFO - saved models/astro_vec_model
2025-03-07 10:21:25,874 - PDFExtractor - INFO - Word2Vec model saved to models/astro_vec_model (training took 5.13 seconds)
2025-03-07 10:21:25,874 - PDFExtractor - INFO - Vocabulary size: 5383 words
2025-03-07 10:21:25,881 - PDFExtractor - INFO - Words most similar to 'cancer': [('maybe', 0.5439656376838684), ('moody', 0.5355749130249023), ('overwhelming', 0.5340591669082642), ('potential', 0.5307208299636841), ('conflicts', 0.5301907062530518)]
2025-03-07 10:21:25,900 - PDFExtractor - INFO - Words most similar to 'astrology': [('vedic', 0.6175087690353394), ('western', 0.5313741564750671), ('astrologers', 0.5265077948570251), ('applications', 0.5166155099868774), ('jyotish', 0.5162155628204346)]
2025-03-07 10:21:25,901 - PDFExtractor - INFO - Total processing time: 222.06 seconds
2025-03-07 10:32:17,184 - PDFExtractor - INFO - NLTK resources downloaded successfully
2025-03-07 10:32:17,186 - PDFExtractor - INFO - Starting processing of directory: data/docs
2025-03-07 10:32:17,188 - PDFExtractor - INFO - Found 52 PDF files. Processing (sorted by size)...
2025-03-07 10:32:17,189 - PDFExtractor - WARNING - pdfplumber not available. Install with: pip install pdfplumber
2025-03-07 10:32:17,190 - PDFExtractor - WARNING - OCR not available. Install with: pip install pytesseract pdf2image
2025-03-07 10:32:17,194 - PDFExtractor - INFO - Processing data/docs/Acarya K._Know Yourself…your signs …your destiny.pdf...
2025-03-07 10:32:18,046 - PDFExtractor - INFO - Processed Acarya K._Know Yourself…your signs …your destiny.pdf: 730 sentences in 0.85 seconds
2025-03-07 10:32:18,046 - PDFExtractor - INFO - Processing data/docs/ancient.pdf...
2025-03-07 10:32:18,174 - PDFExtractor - INFO - Processed ancient.pdf: 0 sentences in 0.13 seconds
2025-03-07 10:32:18,175 - PDFExtractor - INFO - Processing data/docs/202004132156500824Anil_Kumar_Porwa_jyotir_Western_Astrology.pdf...
2025-03-07 10:32:19,046 - PDFExtractor - INFO - Processed 202004132156500824Anil_Kumar_Porwa_jyotir_Western_Astrology.pdf: 229 sentences in 0.87 seconds
2025-03-07 10:32:19,047 - PDFExtractor - INFO - Processing data/docs/The Zodiac.pdf...
2025-03-07 10:32:19,637 - PDFExtractor - INFO - Processed The Zodiac.pdf: 129 sentences in 0.59 seconds
2025-03-07 10:32:19,637 - PDFExtractor - INFO - Processing data/docs/Astrology for Beginners_Anil Kumar Jain_rectification.pdf...
2025-03-07 10:32:20,722 - PDFExtractor - INFO - Processed Astrology for Beginners_Anil Kumar Jain_rectification.pdf: 2839 sentences in 1.08 seconds
2025-03-07 10:32:20,723 - PDFExtractor - INFO - Processing data/docs/goeyardi-et-al-2021-financial-analysis-method-based-on-astrology-fibonacci-and-astronacci-to-find-a-date-of-direction.pdf...
2025-03-07 10:32:20,979 - PDFExtractor - INFO - Processed goeyardi-et-al-2021-financial-analysis-method-based-on-astrology-fibonacci-and-astronacci-to-find-a-date-of-direction.pdf: 365 sentences in 0.26 seconds
2025-03-07 10:32:20,980 - PDFExtractor - INFO - Processing data/docs/The Project Gutenberg eBook of Within the Temple of Isis, by Belle M. Wagner_.pdf...
2025-03-07 10:32:21,895 - PDFExtractor - INFO - Processed The Project Gutenberg eBook of Within the Temple of Isis, by Belle M. Wagner_.pdf: 918 sentences in 0.91 seconds
2025-03-07 10:32:21,896 - PDFExtractor - INFO - Processing data/docs/The Project Gutenberg eBook of Studies in Occultism, by H. P. Blavatsky_.pdf...
2025-03-07 10:32:22,340 - PDFExtractor - INFO - Processed The Project Gutenberg eBook of Studies in Occultism, by H. P. Blavatsky_.pdf: 0 sentences in 0.44 seconds
2025-03-07 10:32:22,341 - PDFExtractor - INFO - Processing data/docs/The Project Gutenberg eBook of The Human Aura, by Swami Panchadasi_.pdf...
2025-03-07 10:32:23,095 - PDFExtractor - INFO - Processed The Project Gutenberg eBook of The Human Aura, by Swami Panchadasi_.pdf: 755 sentences in 0.75 seconds
2025-03-07 10:32:23,095 - PDFExtractor - INFO - Processing data/docs/9780470098400-0735493.pdf...
2025-03-07 10:32:23,270 - PDFExtractor - INFO - Processed 9780470098400-0735493.pdf: 191 sentences in 0.17 seconds
2025-03-07 10:32:23,271 - PDFExtractor - INFO - Processing data/docs/The Project Gutenberg eBook of The Kybalion A Study of The Hermetic Philosophy of Ancient Egypt and Greece, by Three Initiates.pdf...
2025-03-07 10:32:24,581 - PDFExtractor - INFO - Processed The Project Gutenberg eBook of The Kybalion A Study of The Hermetic Philosophy of Ancient Egypt and Greece, by Three Initiates.pdf: 1303 sentences in 1.31 seconds
2025-03-07 10:32:24,582 - PDFExtractor - INFO - Processing data/docs/The Project Gutenberg eBook of The White Spark, by Orville Livingston Leach_.pdf...
2025-03-07 10:32:25,336 - PDFExtractor - INFO - Processed The Project Gutenberg eBook of The White Spark, by Orville Livingston Leach_.pdf: 743 sentences in 0.75 seconds
2025-03-07 10:32:25,337 - PDFExtractor - INFO - Processing data/docs/elements-of-astrology.pdf...
2025-03-07 10:32:26,731 - PDFExtractor - INFO - Processed elements-of-astrology.pdf: 2193 sentences in 1.39 seconds
2025-03-07 10:32:26,732 - PDFExtractor - INFO - Processing data/docs/Intro-To-Astrology-27-03-2012.pdf...
2025-03-07 10:32:27,039 - PDFExtractor - INFO - Processed Intro-To-Astrology-27-03-2012.pdf: 156 sentences in 0.31 seconds
2025-03-07 10:32:27,039 - PDFExtractor - INFO - Processing data/docs/SaturninHouses.pdf...
2025-03-07 10:32:28,436 - PDFExtractor - INFO - Processed SaturninHouses.pdf: 0 sentences in 1.40 seconds
2025-03-07 10:32:28,437 - PDFExtractor - INFO - Processing data/docs/The Secrets of Black Arts _ Project Gutenberg.pdf...
2025-03-07 10:32:29,881 - PDFExtractor - INFO - Processed The Secrets of Black Arts _ Project Gutenberg.pdf: 1290 sentences in 1.44 seconds
2025-03-07 10:32:29,881 - PDFExtractor - INFO - Processing data/docs/The Project Gutenberg eBook of The Initiates of the Flame, by Manly Palmer Hall_.pdf...
2025-03-07 10:32:30,548 - PDFExtractor - INFO - Processed The Project Gutenberg eBook of The Initiates of the Flame, by Manly Palmer Hall_.pdf: 606 sentences in 0.67 seconds
2025-03-07 10:32:30,549 - PDFExtractor - INFO - Processing data/docs/SiderealAstrologyChart.pdf...
2025-03-07 10:32:30,898 - PDFExtractor - INFO - Processed SiderealAstrologyChart.pdf: 108 sentences in 0.35 seconds
2025-03-07 10:32:30,899 - PDFExtractor - INFO - Processing data/docs/VedicAstrologyChart.pdf...
2025-03-07 10:32:31,200 - PDFExtractor - INFO - Processed VedicAstrologyChart.pdf: 108 sentences in 0.30 seconds
2025-03-07 10:32:31,200 - PDFExtractor - INFO - Processing data/docs/The Project Gutenberg eBook of The Light of Egypt; Or, The Science of the Soul and the Stars — Volume 2, by Thomas H. Burgoyne and Belle M. Wagner.pdf...
2025-03-07 10:32:33,148 - PDFExtractor - INFO - Processed The Project Gutenberg eBook of The Light of Egypt; Or, The Science of the Soul and the Stars — Volume 2, by Thomas H. Burgoyne and Belle M. Wagner.pdf: 1763 sentences in 1.95 seconds
2025-03-07 10:32:33,149 - PDFExtractor - INFO - Processing data/docs/The Project Gutenberg eBook of Thaumaturgia; Or, Elucidations of the Marvellous, by Oxonian.pdf...
2025-03-07 10:32:36,598 - PDFExtractor - INFO - Processed The Project Gutenberg eBook of Thaumaturgia; Or, Elucidations of the Marvellous, by Oxonian.pdf: 2746 sentences in 3.45 seconds
2025-03-07 10:32:36,598 - PDFExtractor - INFO - Processing data/docs/1two85kx8wu79mgk7jzy.pdf...
2025-03-07 10:32:38,553 - PDFExtractor - INFO - Processed 1two85kx8wu79mgk7jzy.pdf: 4610 sentences in 1.95 seconds
2025-03-07 10:32:38,554 - PDFExtractor - INFO - Processing data/docs/An Outline of Occult Science by Rudolf Steiner.pdf...
2025-03-07 10:32:42,768 - PDFExtractor - INFO - Processed An Outline of Occult Science by Rudolf Steiner.pdf: 4189 sentences in 4.21 seconds
2025-03-07 10:32:42,769 - PDFExtractor - INFO - Processing data/docs/use-of-fixed-stars-in-astrology.pdf...
2025-03-07 10:32:45,665 - PDFExtractor - INFO - Processed use-of-fixed-stars-in-astrology.pdf: 5870 sentences in 2.90 seconds
2025-03-07 10:32:45,666 - PDFExtractor - INFO - Processing data/docs/The Project Gutenberg eBook of Modern Magic, by M. Schele De Vere.pdf...
2025-03-07 10:32:49,174 - PDFExtractor - INFO - Processed The Project Gutenberg eBook of Modern Magic, by M. Schele De Vere.pdf: 0 sentences in 3.51 seconds
2025-03-07 10:32:49,175 - PDFExtractor - INFO - Processing data/docs/pdfcoffee.com-john-frawley-the-horary-textbook.pdf...
2025-03-07 10:32:52,186 - PDFExtractor - INFO - Processed pdfcoffee.com-john-frawley-the-horary-textbook.pdf: 0 sentences in 3.01 seconds
2025-03-07 10:32:52,187 - PDFExtractor - INFO - Processing data/docs/Human Animals by Frank Hamel--A Project Gutenberg eBook_.pdf...
2025-03-07 10:32:55,161 - PDFExtractor - INFO - Processed Human Animals by Frank Hamel--A Project Gutenberg eBook_.pdf: 36 sentences in 2.97 seconds
2025-03-07 10:32:55,162 - PDFExtractor - INFO - Processing data/docs/BigThree.pdf...
2025-03-07 10:32:57,204 - PDFExtractor - INFO - Processed BigThree.pdf: 761 sentences in 2.04 seconds
2025-03-07 10:32:57,204 - PDFExtractor - INFO - Processing data/docs/VedicAstrologyforEveryone.pdf...
2025-03-07 10:32:58,941 - PDFExtractor - INFO - Processed VedicAstrologyforEveryone.pdf: 688 sentences in 1.74 seconds
2025-03-07 10:32:58,942 - PDFExtractor - INFO - Processing data/docs/AstrologyforBeginners.pdf...
2025-03-07 10:33:00,986 - PDFExtractor - INFO - Processed AstrologyforBeginners.pdf: 774 sentences in 2.04 seconds
2025-03-07 10:33:00,987 - PDFExtractor - INFO - Processing data/docs/theonlyastrologybookyouwilleverneed.pdf...
2025-03-07 10:33:05,885 - PDFExtractor - INFO - Processed theonlyastrologybookyouwilleverneed.pdf: 9976 sentences in 4.90 seconds
2025-03-07 10:33:05,886 - PDFExtractor - INFO - Processing data/docs/SaturninSigns.pdf...
2025-03-07 10:33:07,171 - PDFExtractor - INFO - Processed SaturninSigns.pdf: 504 sentences in 1.28 seconds
2025-03-07 10:33:07,171 - PDFExtractor - INFO - Processing data/docs/vedic_astro_textbook.pdf...
2025-03-07 10:33:15,416 - PDFExtractor - INFO - Processed vedic_astro_textbook.pdf: 8719 sentences in 8.24 seconds
2025-03-07 10:33:15,417 - PDFExtractor - INFO - Processing data/docs/Essential_Astrology_-_Amy_Herring.pdf...
2025-03-07 10:33:19,181 - PDFExtractor - INFO - Processed Essential_Astrology_-_Amy_Herring.pdf: 4554 sentences in 3.76 seconds
2025-03-07 10:33:19,182 - PDFExtractor - INFO - Processing data/docs/45674591.pdf...
2025-03-07 10:33:23,106 - PDFExtractor - INFO - Processed 45674591.pdf: 6 sentences in 3.92 seconds
2025-03-07 10:33:23,107 - PDFExtractor - INFO - Processing data/docs/The lesser key of Solomon _ Project Gutenberg.pdf...
2025-03-07 10:33:23,989 - PDFExtractor - INFO - Processed The lesser key of Solomon _ Project Gutenberg.pdf: 0 sentences in 0.88 seconds
2025-03-07 10:33:23,990 - PDFExtractor - INFO - Processing data/docs/lal-ketab-astrology-book.pdf...
2025-03-07 10:33:28,930 - PDFExtractor - INFO - Processed lal-ketab-astrology-book.pdf: 10455 sentences in 4.94 seconds
2025-03-07 10:33:28,931 - PDFExtractor - INFO - Processing data/docs/CERN-ARCH-PMC-06-353.pdf...
2025-03-07 10:33:28,947 - PDFExtractor - WARNING - Suspiciously little text (0 chars) from 20 pages
2025-03-07 10:33:28,947 - PDFExtractor - WARNING - No text extracted from CERN-ARCH-PMC-06-353.pdf, skipping
2025-03-07 10:33:28,947 - PDFExtractor - INFO - Processing data/docs/300 important combinations_B.V. Raman.pdf...
2025-03-07 10:33:31,507 - PDFExtractor - INFO - Processed 300 important combinations_B.V. Raman.pdf: 0 sentences in 2.56 seconds
2025-03-07 10:33:31,508 - PDFExtractor - INFO - Processing data/docs/Advanced Techniques of Astrological  Predictions.pdf...
2025-03-07 10:33:40,740 - PDFExtractor - INFO - Processed Advanced Techniques of Astrological  Predictions.pdf: 0 sentences in 9.23 seconds
2025-03-07 10:33:40,741 - PDFExtractor - INFO - Processing data/docs/A.K. Gour_Astrology of Professions.pdf...
2025-03-07 10:33:43,415 - PDFExtractor - INFO - Processed A.K. Gour_Astrology of Professions.pdf: 2805 sentences in 2.67 seconds
2025-03-07 10:33:43,416 - PDFExtractor - INFO - Processing data/docs/The Project Gutenberg eBook of Occult Chemistry, by Annie Besant and Charles W. Leadbeater.pdf...
2025-03-07 10:33:44,517 - PDFExtractor - INFO - Processed The Project Gutenberg eBook of Occult Chemistry, by Annie Besant and Charles W. Leadbeater.pdf: 85 sentences in 1.10 seconds
2025-03-07 10:33:44,518 - PDFExtractor - INFO - Processing data/docs/12 houses_Garga hora_Santhanam.pdf...
2025-03-07 10:33:56,225 - PDFExtractor - INFO - Processed 12 houses_Garga hora_Santhanam.pdf: 0 sentences in 11.71 seconds
2025-03-07 10:33:56,226 - PDFExtractor - INFO - Processing data/docs/Cosmic Symbolism _ Project Gutenberg.pdf...
2025-03-07 10:33:58,678 - PDFExtractor - INFO - Processed Cosmic Symbolism _ Project Gutenberg.pdf: 357 sentences in 2.45 seconds
2025-03-07 10:33:58,679 - PDFExtractor - INFO - Processing data/docs/Ancient Astronomy.pdf...
2025-03-07 10:34:04,247 - PDFExtractor - INFO - Processed Ancient Astronomy.pdf: 0 sentences in 5.57 seconds
2025-03-07 10:34:04,247 - PDFExtractor - INFO - Processing data/docs/manualofastrologyRAPHAEL.pdf...
2025-03-07 10:34:04,479 - PDFExtractor - INFO - Processed manualofastrologyRAPHAEL.pdf: 0 sentences in 0.23 seconds
2025-03-07 10:34:04,479 - PDFExtractor - INFO - Processing data/docs/occultsciencesco00wait_bw.pdf...
2025-03-07 10:34:07,980 - PDFExtractor - INFO - Processed occultsciencesco00wait_bw.pdf: 0 sentences in 3.50 seconds
2025-03-07 10:34:07,981 - PDFExtractor - INFO - Processing data/docs/The.Complete.Idiots.Guide.to.Astrology.3HAXAP.pdf...
2025-03-07 10:34:12,322 - PDFExtractor - INFO - Processed The.Complete.Idiots.Guide.to.Astrology.3HAXAP.pdf: 0 sentences in 4.34 seconds
2025-03-07 10:34:12,323 - PDFExtractor - INFO - Processing data/docs/service-gdc-gdclccn-ca-31-00-07-69-ca31000769-ca31000769.pdf...
2025-03-07 10:34:24,185 - PDFExtractor - INFO - Processed service-gdc-gdclccn-ca-31-00-07-69-ca31000769-ca31000769.pdf: 1922 sentences in 11.86 seconds
2025-03-07 10:34:24,185 - PDFExtractor - INFO - Processing data/docs/public-gdcmassbookdig-threebooksofoccu00agri-threebooksofoccu00agri.pdf...
2025-03-07 10:34:27,238 - PDFExtractor - INFO - Processed public-gdcmassbookdig-threebooksofoccu00agri-threebooksofoccu00agri.pdf: 0 sentences in 3.05 seconds
2025-03-07 10:34:27,239 - PDFExtractor - INFO - Processing data/docs/Book_1969_Liewellyn_A To Z Horoscope Maker And Delineator_KP red it.pdf...
2025-03-07 10:34:27,240 - PDFExtractor - INFO - Large file detected (21.8MB): Book_1969_Liewellyn_A To Z Horoscope Maker And Delineator_KP red it.pdf
2025-03-07 10:35:30,459 - PDFExtractor - INFO - Processed Book_1969_Liewellyn_A To Z Horoscope Maker And Delineator_KP red it.pdf: 0 sentences in 63.22 seconds
2025-03-07 10:35:30,460 - PDFExtractor - INFO - Processing data/docs/elementsofastrol00brou.pdf...
2025-03-07 10:35:30,460 - PDFExtractor - INFO - Large file detected (44.5MB): elementsofastrol00brou.pdf
2025-03-07 10:36:15,874 - PDFExtractor - INFO - Processed elementsofastrol00brou.pdf: 0 sentences in 45.41 seconds
2025-03-07 10:36:15,875 - PDFExtractor - INFO - Raw extracted text saved to data/extracted_text.txt
2025-03-07 10:36:15,876 - PDFExtractor - INFO - Cleaned text for Word2Vec saved to data/cleaned_text.txt
2025-03-07 10:36:15,876 - PDFExtractor - INFO - Processing complete in 238.69 seconds
2025-03-07 10:36:15,876 - PDFExtractor - INFO - Successfully processed 51 files (0 with OCR, 0 with fallback)
2025-03-07 10:36:15,877 - PDFExtractor - INFO - Skipped 1 files
2025-03-07 10:36:15,878 - PDFExtractor - INFO - Found 73483 sentences for Word2Vec training
2025-03-07 10:36:15,878 - PDFExtractor - INFO - Training Word2Vec model...
2025-03-07 10:36:15,878 - PDFExtractor - INFO - Using 10 CPU cores for training
2025-03-07 10:36:15,879 - gensim.models.word2vec - INFO - collecting all words and their counts
2025-03-07 10:36:15,879 - gensim.models.word2vec - INFO - PROGRESS: at sentence #0, processed 0 words, keeping 0 word types
2025-03-07 10:36:15,893 - gensim.models.word2vec - INFO - PROGRESS: at sentence #10000, processed 114200 words, keeping 17214 word types
2025-03-07 10:36:15,909 - gensim.models.word2vec - INFO - PROGRESS: at sentence #20000, processed 251829 words, keeping 27858 word types
2025-03-07 10:36:15,924 - gensim.models.word2vec - INFO - PROGRESS: at sentence #30000, processed 375317 words, keeping 34598 word types
2025-03-07 10:36:15,939 - gensim.models.word2vec - INFO - PROGRESS: at sentence #40000, processed 475489 words, keeping 42805 word types
2025-03-07 10:36:15,950 - gensim.models.word2vec - INFO - PROGRESS: at sentence #50000, processed 561955 words, keeping 48076 word types
2025-03-07 10:36:15,969 - gensim.models.word2vec - INFO - PROGRESS: at sentence #60000, processed 670726 words, keeping 50903 word types
2025-03-07 10:36:15,983 - gensim.models.word2vec - INFO - PROGRESS: at sentence #70000, processed 763275 words, keeping 51883 word types
2025-03-07 10:36:15,991 - gensim.models.word2vec - INFO - collected 53042 word types from a corpus of 801729 raw words and 73483 sentences
2025-03-07 10:36:15,992 - gensim.models.word2vec - INFO - Creating a fresh vocabulary
2025-03-07 10:36:16,006 - gensim.utils - INFO - Word2Vec lifecycle event {'msg': 'effective_min_count=20 retains 5383 unique words (10.15% of original 53042, drops 47659)', 'datetime': '2025-03-07T10:36:16.006012', 'gensim': '4.3.3', 'python': '3.11.11 (main, Dec  3 2024, 17:20:40) [Clang 16.0.0 (clang-1600.0.26.4)]', 'platform': 'macOS-15.3.1-arm64-arm-64bit', 'event': 'prepare_vocab'}
2025-03-07 10:36:16,006 - gensim.utils - INFO - Word2Vec lifecycle event {'msg': 'effective_min_count=20 leaves 651684 word corpus (81.28% of original 801729, drops 150045)', 'datetime': '2025-03-07T10:36:16.006635', 'gensim': '4.3.3', 'python': '3.11.11 (main, Dec  3 2024, 17:20:40) [Clang 16.0.0 (clang-1600.0.26.4)]', 'platform': 'macOS-15.3.1-arm64-arm-64bit', 'event': 'prepare_vocab'}
2025-03-07 10:36:16,017 - gensim.models.word2vec - INFO - deleting the raw counts dictionary of 53042 items
2025-03-07 10:36:16,018 - gensim.models.word2vec - INFO - sample=0.001 downsamples 27 most-common words
2025-03-07 10:36:16,019 - gensim.utils - INFO - Word2Vec lifecycle event {'msg': 'downsampling leaves estimated 624126.9847187756 word corpus (95.8%% of prior 651684)', 'datetime': '2025-03-07T10:36:16.019194', 'gensim': '4.3.3', 'python': '3.11.11 (main, Dec  3 2024, 17:20:40) [Clang 16.0.0 (clang-1600.0.26.4)]', 'platform': 'macOS-15.3.1-arm64-arm-64bit', 'event': 'prepare_vocab'}
2025-03-07 10:36:16,039 - gensim.models.word2vec - INFO - estimated required memory for 5383 words and 400 dimensions: 19917100 bytes
2025-03-07 10:36:16,040 - gensim.models.word2vec - INFO - resetting layer weights
2025-03-07 10:36:16,047 - gensim.utils - INFO - Word2Vec lifecycle event {'update': False, 'trim_rule': 'None', 'datetime': '2025-03-07T10:36:16.047203', 'gensim': '4.3.3', 'python': '3.11.11 (main, Dec  3 2024, 17:20:40) [Clang 16.0.0 (clang-1600.0.26.4)]', 'platform': 'macOS-15.3.1-arm64-arm-64bit', 'event': 'build_vocab'}
2025-03-07 10:36:16,047 - gensim.utils - INFO - Word2Vec lifecycle event {'msg': 'training model with 10 workers on 5383 vocabulary and 400 features, using sg=1 hs=0 sample=0.001 negative=5 window=10 shrink_windows=True', 'datetime': '2025-03-07T10:36:16.047911', 'gensim': '4.3.3', 'python': '3.11.11 (main, Dec  3 2024, 17:20:40) [Clang 16.0.0 (clang-1600.0.26.4)]', 'platform': 'macOS-15.3.1-arm64-arm-64bit', 'event': 'train'}
2025-03-07 10:36:17,066 - gensim.models.word2vec - INFO - EPOCH 0 - PROGRESS: at 90.66% examples, 562582 words/s, in_qsize 8, out_qsize 1
2025-03-07 10:36:17,129 - gensim.models.word2vec - INFO - EPOCH 0: training on 801729 raw words (624255 effective words) took 1.1s, 582065 effective words/s
2025-03-07 10:36:18,139 - gensim.models.word2vec - INFO - EPOCH 1 - PROGRESS: at 87.58% examples, 550852 words/s, in_qsize 10, out_qsize 0
2025-03-07 10:36:18,230 - gensim.models.word2vec - INFO - EPOCH 1: training on 801729 raw words (624185 effective words) took 1.1s, 570907 effective words/s
2025-03-07 10:36:19,254 - gensim.models.word2vec - INFO - EPOCH 2 - PROGRESS: at 89.07% examples, 550927 words/s, in_qsize 9, out_qsize 1
2025-03-07 10:36:19,334 - gensim.models.word2vec - INFO - EPOCH 2: training on 801729 raw words (624253 effective words) took 1.1s, 569806 effective words/s
2025-03-07 10:36:20,349 - gensim.models.word2vec - INFO - EPOCH 3 - PROGRESS: at 86.25% examples, 541304 words/s, in_qsize 11, out_qsize 0
2025-03-07 10:36:20,458 - gensim.models.word2vec - INFO - EPOCH 3: training on 801729 raw words (624184 effective words) took 1.1s, 559436 effective words/s
2025-03-07 10:36:21,480 - gensim.models.word2vec - INFO - EPOCH 4 - PROGRESS: at 88.92% examples, 551459 words/s, in_qsize 8, out_qsize 3
2025-03-07 10:36:21,556 - gensim.models.word2vec - INFO - EPOCH 4: training on 801729 raw words (624069 effective words) took 1.1s, 572051 effective words/s
2025-03-07 10:36:21,557 - gensim.utils - INFO - Word2Vec lifecycle event {'msg': 'training on 4008645 raw words (3120946 effective words) took 5.5s, 566464 effective words/s', 'datetime': '2025-03-07T10:36:21.557815', 'gensim': '4.3.3', 'python': '3.11.11 (main, Dec  3 2024, 17:20:40) [Clang 16.0.0 (clang-1600.0.26.4)]', 'platform': 'macOS-15.3.1-arm64-arm-64bit', 'event': 'train'}
2025-03-07 10:36:21,558 - gensim.utils - INFO - Word2Vec lifecycle event {'params': 'Word2Vec<vocab=5383, vector_size=400, alpha=0.025>', 'datetime': '2025-03-07T10:36:21.558508', 'gensim': '4.3.3', 'python': '3.11.11 (main, Dec  3 2024, 17:20:40) [Clang 16.0.0 (clang-1600.0.26.4)]', 'platform': 'macOS-15.3.1-arm64-arm-64bit', 'event': 'created'}
2025-03-07 10:36:21,559 - gensim.utils - INFO - Word2Vec lifecycle event {'fname_or_handle': 'models/astro_vec_model', 'separately': 'None', 'sep_limit': 10485760, 'ignore': frozenset(), 'datetime': '2025-03-07T10:36:21.559095', 'gensim': '4.3.3', 'python': '3.11.11 (main, Dec  3 2024, 17:20:40) [Clang 16.0.0 (clang-1600.0.26.4)]', 'platform': 'macOS-15.3.1-arm64-arm-64bit', 'event': 'saving'}
2025-03-07 10:36:21,559 - gensim.utils - INFO - not storing attribute cum_table
2025-03-07 10:36:21,570 - gensim.utils - INFO - saved models/astro_vec_model
2025-03-07 10:36:21,570 - PDFExtractor - INFO - Word2Vec model saved to models/astro_vec_model (training took 5.69 seconds)
2025-03-07 10:36:21,571 - PDFExtractor - INFO - Vocabulary size: 5383 words
2025-03-07 10:36:21,584 - PDFExtractor - INFO - Words most similar to 'cancer': [('materialistic', 0.5594835877418518), ('overwhelming', 0.5592201352119446), ('avoiding', 0.5544349551200867), ('conflicts', 0.5527744889259338), ('clues', 0.5491306185722351)]
2025-03-07 10:36:21,590 - PDFExtractor - INFO - Words most similar to 'astrology': [('vedic', 0.632814884185791), ('jyotish', 0.541228711605072), ('horoscopes', 0.5360901951789856), ('introduction', 0.5330764055252075), ('professions', 0.5219280123710632)]
2025-03-07 10:36:21,599 - PDFExtractor - INFO - Total processing time: 244.41 seconds
2025-03-07 11:37:32,677 - PDFExtractor - INFO - NLTK resources downloaded successfully
2025-03-07 11:37:32,678 - PDFExtractor - INFO - Starting processing of directory: data/docs
2025-03-07 11:37:32,678 - PDFExtractor - INFO - Found 38 PDF files. Processing (sorted by size)...
2025-03-07 11:37:32,679 - PDFExtractor - WARNING - pdfplumber not available. Install with: pip install pdfplumber
2025-03-07 11:37:32,679 - PDFExtractor - WARNING - OCR not available. Install with: pip install pytesseract pdf2image
2025-03-07 11:37:32,682 - PDFExtractor - INFO - Processing data/docs/Acarya K._Know Yourself…your signs …your destiny.pdf...
2025-03-07 11:37:33,462 - PDFExtractor - INFO - Processed Acarya K._Know Yourself…your signs …your destiny.pdf: 730 sentences in 0.78 seconds
2025-03-07 11:37:33,462 - PDFExtractor - INFO - Processing data/docs/202004132156500824Anil_Kumar_Porwa_jyotir_Western_Astrology.pdf...
2025-03-07 11:37:34,256 - PDFExtractor - INFO - Processed 202004132156500824Anil_Kumar_Porwa_jyotir_Western_Astrology.pdf: 229 sentences in 0.79 seconds
2025-03-07 11:37:34,257 - PDFExtractor - INFO - Processing data/docs/The Zodiac.pdf...
2025-03-07 11:37:34,741 - PDFExtractor - INFO - Processed The Zodiac.pdf: 129 sentences in 0.48 seconds
2025-03-07 11:37:34,742 - PDFExtractor - INFO - Processing data/docs/Astrology for Beginners_Anil Kumar Jain_rectification.pdf...
2025-03-07 11:37:35,739 - PDFExtractor - INFO - Processed Astrology for Beginners_Anil Kumar Jain_rectification.pdf: 2839 sentences in 1.00 seconds
2025-03-07 11:37:35,739 - PDFExtractor - INFO - Processing data/docs/goeyardi-et-al-2021-financial-analysis-method-based-on-astrology-fibonacci-and-astronacci-to-find-a-date-of-direction.pdf...
2025-03-07 11:37:35,967 - PDFExtractor - INFO - Processed goeyardi-et-al-2021-financial-analysis-method-based-on-astrology-fibonacci-and-astronacci-to-find-a-date-of-direction.pdf: 365 sentences in 0.23 seconds
2025-03-07 11:37:35,968 - PDFExtractor - INFO - Processing data/docs/The Project Gutenberg eBook of Within the Temple of Isis, by Belle M. Wagner_.pdf...
2025-03-07 11:37:36,731 - PDFExtractor - INFO - Processed The Project Gutenberg eBook of Within the Temple of Isis, by Belle M. Wagner_.pdf: 918 sentences in 0.76 seconds
2025-03-07 11:37:36,732 - PDFExtractor - INFO - Processing data/docs/The Project Gutenberg eBook of Studies in Occultism, by H. P. Blavatsky_.pdf...
2025-03-07 11:37:37,206 - PDFExtractor - INFO - Processed The Project Gutenberg eBook of Studies in Occultism, by H. P. Blavatsky_.pdf: 0 sentences in 0.47 seconds
2025-03-07 11:37:37,207 - PDFExtractor - INFO - Processing data/docs/The Project Gutenberg eBook of The Human Aura, by Swami Panchadasi_.pdf...
2025-03-07 11:37:37,904 - PDFExtractor - INFO - Processed The Project Gutenberg eBook of The Human Aura, by Swami Panchadasi_.pdf: 755 sentences in 0.70 seconds
2025-03-07 11:37:37,905 - PDFExtractor - INFO - Processing data/docs/9780470098400-0735493.pdf...
2025-03-07 11:37:38,037 - PDFExtractor - INFO - Processed 9780470098400-0735493.pdf: 191 sentences in 0.13 seconds
2025-03-07 11:37:38,038 - PDFExtractor - INFO - Processing data/docs/The Project Gutenberg eBook of The Kybalion A Study of The Hermetic Philosophy of Ancient Egypt and Greece, by Three Initiates.pdf...
2025-03-07 11:37:39,270 - PDFExtractor - INFO - Processed The Project Gutenberg eBook of The Kybalion A Study of The Hermetic Philosophy of Ancient Egypt and Greece, by Three Initiates.pdf: 1303 sentences in 1.23 seconds
2025-03-07 11:37:39,271 - PDFExtractor - INFO - Processing data/docs/The Project Gutenberg eBook of The White Spark, by Orville Livingston Leach_.pdf...
2025-03-07 11:37:39,896 - PDFExtractor - INFO - Processed The Project Gutenberg eBook of The White Spark, by Orville Livingston Leach_.pdf: 743 sentences in 0.63 seconds
2025-03-07 11:37:39,896 - PDFExtractor - INFO - Processing data/docs/elements-of-astrology.pdf...
2025-03-07 11:37:41,257 - PDFExtractor - INFO - Processed elements-of-astrology.pdf: 2193 sentences in 1.36 seconds
2025-03-07 11:37:41,257 - PDFExtractor - INFO - Processing data/docs/Intro-To-Astrology-27-03-2012.pdf...
2025-03-07 11:37:41,542 - PDFExtractor - INFO - Processed Intro-To-Astrology-27-03-2012.pdf: 156 sentences in 0.28 seconds
2025-03-07 11:37:41,543 - PDFExtractor - INFO - Processing data/docs/The Secrets of Black Arts _ Project Gutenberg.pdf...
2025-03-07 11:37:42,915 - PDFExtractor - INFO - Processed The Secrets of Black Arts _ Project Gutenberg.pdf: 1290 sentences in 1.37 seconds
2025-03-07 11:37:42,916 - PDFExtractor - INFO - Processing data/docs/The Project Gutenberg eBook of The Initiates of the Flame, by Manly Palmer Hall_.pdf...
2025-03-07 11:37:43,502 - PDFExtractor - INFO - Processed The Project Gutenberg eBook of The Initiates of the Flame, by Manly Palmer Hall_.pdf: 606 sentences in 0.59 seconds
2025-03-07 11:37:43,503 - PDFExtractor - INFO - Processing data/docs/SiderealAstrologyChart.pdf...
2025-03-07 11:37:43,784 - PDFExtractor - INFO - Processed SiderealAstrologyChart.pdf: 108 sentences in 0.28 seconds
2025-03-07 11:37:43,784 - PDFExtractor - INFO - Processing data/docs/VedicAstrologyChart.pdf...
2025-03-07 11:37:44,095 - PDFExtractor - INFO - Processed VedicAstrologyChart.pdf: 108 sentences in 0.31 seconds
2025-03-07 11:37:44,096 - PDFExtractor - INFO - Processing data/docs/The Project Gutenberg eBook of The Light of Egypt; Or, The Science of the Soul and the Stars — Volume 2, by Thomas H. Burgoyne and Belle M. Wagner.pdf...
2025-03-07 11:37:45,898 - PDFExtractor - INFO - Processed The Project Gutenberg eBook of The Light of Egypt; Or, The Science of the Soul and the Stars — Volume 2, by Thomas H. Burgoyne and Belle M. Wagner.pdf: 1763 sentences in 1.80 seconds
2025-03-07 11:37:45,899 - PDFExtractor - INFO - Processing data/docs/The Project Gutenberg eBook of Thaumaturgia; Or, Elucidations of the Marvellous, by Oxonian.pdf...
2025-03-07 11:37:48,999 - PDFExtractor - INFO - Processed The Project Gutenberg eBook of Thaumaturgia; Or, Elucidations of the Marvellous, by Oxonian.pdf: 2746 sentences in 3.10 seconds
2025-03-07 11:37:49,000 - PDFExtractor - INFO - Processing data/docs/1two85kx8wu79mgk7jzy.pdf...
2025-03-07 11:37:50,763 - PDFExtractor - INFO - Processed 1two85kx8wu79mgk7jzy.pdf: 4610 sentences in 1.76 seconds
2025-03-07 11:37:50,763 - PDFExtractor - INFO - Processing data/docs/An Outline of Occult Science by Rudolf Steiner.pdf...
2025-03-07 11:37:54,536 - PDFExtractor - INFO - Processed An Outline of Occult Science by Rudolf Steiner.pdf: 4189 sentences in 3.77 seconds
2025-03-07 11:37:54,537 - PDFExtractor - INFO - Processing data/docs/use-of-fixed-stars-in-astrology.pdf...
2025-03-07 11:37:57,264 - PDFExtractor - INFO - Processed use-of-fixed-stars-in-astrology.pdf: 5870 sentences in 2.73 seconds
2025-03-07 11:37:57,265 - PDFExtractor - INFO - Processing data/docs/Human Animals by Frank Hamel--A Project Gutenberg eBook_.pdf...
2025-03-07 11:38:00,035 - PDFExtractor - INFO - Processed Human Animals by Frank Hamel--A Project Gutenberg eBook_.pdf: 36 sentences in 2.77 seconds
2025-03-07 11:38:00,036 - PDFExtractor - INFO - Processing data/docs/BigThree.pdf...
2025-03-07 11:38:01,940 - PDFExtractor - INFO - Processed BigThree.pdf: 761 sentences in 1.90 seconds
2025-03-07 11:38:01,940 - PDFExtractor - INFO - Processing data/docs/VedicAstrologyforEveryone.pdf...
2025-03-07 11:38:03,468 - PDFExtractor - INFO - Processed VedicAstrologyforEveryone.pdf: 688 sentences in 1.53 seconds
2025-03-07 11:38:03,469 - PDFExtractor - INFO - Processing data/docs/AstrologyforBeginners.pdf...
2025-03-07 11:38:05,266 - PDFExtractor - INFO - Processed AstrologyforBeginners.pdf: 774 sentences in 1.80 seconds
2025-03-07 11:38:05,266 - PDFExtractor - INFO - Processing data/docs/theonlyastrologybookyouwilleverneed.pdf...
2025-03-07 11:38:09,785 - PDFExtractor - INFO - Processed theonlyastrologybookyouwilleverneed.pdf: 9976 sentences in 4.52 seconds
2025-03-07 11:38:09,786 - PDFExtractor - INFO - Processing data/docs/SaturninSigns.pdf...
2025-03-07 11:38:11,032 - PDFExtractor - INFO - Processed SaturninSigns.pdf: 504 sentences in 1.25 seconds
2025-03-07 11:38:11,032 - PDFExtractor - INFO - Processing data/docs/vedic_astro_textbook.pdf...
2025-03-07 11:38:18,327 - PDFExtractor - INFO - Processed vedic_astro_textbook.pdf: 8719 sentences in 7.29 seconds
2025-03-07 11:38:18,328 - PDFExtractor - INFO - Processing data/docs/Essential_Astrology_-_Amy_Herring.pdf...
2025-03-07 11:38:21,861 - PDFExtractor - INFO - Processed Essential_Astrology_-_Amy_Herring.pdf: 4554 sentences in 3.53 seconds
2025-03-07 11:38:21,862 - PDFExtractor - INFO - Processing data/docs/45674591.pdf...
2025-03-07 11:38:25,500 - PDFExtractor - INFO - Processed 45674591.pdf: 6 sentences in 3.64 seconds
2025-03-07 11:38:25,500 - PDFExtractor - INFO - Processing data/docs/The lesser key of Solomon _ Project Gutenberg.pdf...
2025-03-07 11:38:26,285 - PDFExtractor - INFO - Processed The lesser key of Solomon _ Project Gutenberg.pdf: 0 sentences in 0.78 seconds
2025-03-07 11:38:26,285 - PDFExtractor - INFO - Processing data/docs/lal-ketab-astrology-book.pdf...
2025-03-07 11:38:30,843 - PDFExtractor - INFO - Processed lal-ketab-astrology-book.pdf: 10455 sentences in 4.56 seconds
2025-03-07 11:38:30,844 - PDFExtractor - INFO - Processing data/docs/CERN-ARCH-PMC-06-353.pdf...
2025-03-07 11:38:30,857 - PDFExtractor - WARNING - Suspiciously little text (0 chars) from 20 pages
2025-03-07 11:38:30,858 - PDFExtractor - WARNING - No text extracted from CERN-ARCH-PMC-06-353.pdf, skipping
2025-03-07 11:38:30,858 - PDFExtractor - INFO - Processing data/docs/A.K. Gour_Astrology of Professions.pdf...
2025-03-07 11:38:33,176 - PDFExtractor - INFO - Processed A.K. Gour_Astrology of Professions.pdf: 2805 sentences in 2.32 seconds
2025-03-07 11:38:33,177 - PDFExtractor - INFO - Processing data/docs/The Project Gutenberg eBook of Occult Chemistry, by Annie Besant and Charles W. Leadbeater.pdf...
2025-03-07 11:38:34,265 - PDFExtractor - INFO - Processed The Project Gutenberg eBook of Occult Chemistry, by Annie Besant and Charles W. Leadbeater.pdf: 85 sentences in 1.09 seconds
2025-03-07 11:38:34,266 - PDFExtractor - INFO - Processing data/docs/Cosmic Symbolism _ Project Gutenberg.pdf...
2025-03-07 11:38:36,420 - PDFExtractor - INFO - Processed Cosmic Symbolism _ Project Gutenberg.pdf: 357 sentences in 2.15 seconds
2025-03-07 11:38:36,421 - PDFExtractor - INFO - Processing data/docs/service-gdc-gdclccn-ca-31-00-07-69-ca31000769-ca31000769.pdf...
2025-03-07 11:38:47,394 - PDFExtractor - INFO - Processed service-gdc-gdclccn-ca-31-00-07-69-ca31000769-ca31000769.pdf: 1922 sentences in 10.97 seconds
2025-03-07 11:38:47,396 - PDFExtractor - INFO - Raw extracted text saved to data/extracted_text.txt
2025-03-07 11:38:47,396 - PDFExtractor - INFO - Cleaned text for Word2Vec saved to data/cleaned_text.txt
2025-03-07 11:38:47,397 - PDFExtractor - INFO - Processing complete in 74.72 seconds
2025-03-07 11:38:47,397 - PDFExtractor - INFO - Successfully processed 37 files (0 with OCR, 0 with fallback)
2025-03-07 11:38:47,397 - PDFExtractor - INFO - Skipped 1 files
2025-03-07 11:38:47,398 - PDFExtractor - INFO - Found 73483 sentences for Word2Vec training
2025-03-07 11:38:47,398 - PDFExtractor - INFO - Training Word2Vec model...
2025-03-07 11:38:47,398 - PDFExtractor - INFO - Using 10 CPU cores for training
2025-03-07 11:38:47,399 - gensim.models.word2vec - INFO - collecting all words and their counts
2025-03-07 11:38:47,400 - gensim.models.word2vec - INFO - PROGRESS: at sentence #0, processed 0 words, keeping 0 word types
2025-03-07 11:38:47,412 - gensim.models.word2vec - INFO - PROGRESS: at sentence #10000, processed 114200 words, keeping 17214 word types
2025-03-07 11:38:47,429 - gensim.models.word2vec - INFO - PROGRESS: at sentence #20000, processed 251829 words, keeping 27858 word types
2025-03-07 11:38:47,444 - gensim.models.word2vec - INFO - PROGRESS: at sentence #30000, processed 375317 words, keeping 34598 word types
2025-03-07 11:38:47,458 - gensim.models.word2vec - INFO - PROGRESS: at sentence #40000, processed 475489 words, keeping 42805 word types
2025-03-07 11:38:47,470 - gensim.models.word2vec - INFO - PROGRESS: at sentence #50000, processed 561955 words, keeping 48076 word types
2025-03-07 11:38:47,505 - gensim.models.word2vec - INFO - PROGRESS: at sentence #60000, processed 670726 words, keeping 50903 word types
2025-03-07 11:38:47,522 - gensim.models.word2vec - INFO - PROGRESS: at sentence #70000, processed 763275 words, keeping 51883 word types
2025-03-07 11:38:47,527 - gensim.models.word2vec - INFO - collected 53042 word types from a corpus of 801729 raw words and 73483 sentences
2025-03-07 11:38:47,527 - gensim.models.word2vec - INFO - Creating a fresh vocabulary
2025-03-07 11:38:47,541 - gensim.utils - INFO - Word2Vec lifecycle event {'msg': 'effective_min_count=20 retains 5383 unique words (10.15% of original 53042, drops 47659)', 'datetime': '2025-03-07T11:38:47.541277', 'gensim': '4.3.3', 'python': '3.11.11 (main, Dec  3 2024, 17:20:40) [Clang 16.0.0 (clang-1600.0.26.4)]', 'platform': 'macOS-15.3.1-arm64-arm-64bit', 'event': 'prepare_vocab'}
2025-03-07 11:38:47,541 - gensim.utils - INFO - Word2Vec lifecycle event {'msg': 'effective_min_count=20 leaves 651684 word corpus (81.28% of original 801729, drops 150045)', 'datetime': '2025-03-07T11:38:47.541775', 'gensim': '4.3.3', 'python': '3.11.11 (main, Dec  3 2024, 17:20:40) [Clang 16.0.0 (clang-1600.0.26.4)]', 'platform': 'macOS-15.3.1-arm64-arm-64bit', 'event': 'prepare_vocab'}
2025-03-07 11:38:47,553 - gensim.models.word2vec - INFO - deleting the raw counts dictionary of 53042 items
2025-03-07 11:38:47,554 - gensim.models.word2vec - INFO - sample=0.001 downsamples 27 most-common words
2025-03-07 11:38:47,554 - gensim.utils - INFO - Word2Vec lifecycle event {'msg': 'downsampling leaves estimated 624126.9847187756 word corpus (95.8%% of prior 651684)', 'datetime': '2025-03-07T11:38:47.554779', 'gensim': '4.3.3', 'python': '3.11.11 (main, Dec  3 2024, 17:20:40) [Clang 16.0.0 (clang-1600.0.26.4)]', 'platform': 'macOS-15.3.1-arm64-arm-64bit', 'event': 'prepare_vocab'}
2025-03-07 11:38:47,573 - gensim.models.word2vec - INFO - estimated required memory for 5383 words and 400 dimensions: 19917100 bytes
2025-03-07 11:38:47,573 - gensim.models.word2vec - INFO - resetting layer weights
2025-03-07 11:38:47,580 - gensim.utils - INFO - Word2Vec lifecycle event {'update': False, 'trim_rule': 'None', 'datetime': '2025-03-07T11:38:47.580556', 'gensim': '4.3.3', 'python': '3.11.11 (main, Dec  3 2024, 17:20:40) [Clang 16.0.0 (clang-1600.0.26.4)]', 'platform': 'macOS-15.3.1-arm64-arm-64bit', 'event': 'build_vocab'}
2025-03-07 11:38:47,581 - gensim.utils - INFO - Word2Vec lifecycle event {'msg': 'training model with 10 workers on 5383 vocabulary and 400 features, using sg=1 hs=0 sample=0.001 negative=5 window=10 shrink_windows=True', 'datetime': '2025-03-07T11:38:47.581082', 'gensim': '4.3.3', 'python': '3.11.11 (main, Dec  3 2024, 17:20:40) [Clang 16.0.0 (clang-1600.0.26.4)]', 'platform': 'macOS-15.3.1-arm64-arm-64bit', 'event': 'train'}
2025-03-07 11:38:48,613 - gensim.models.word2vec - INFO - EPOCH 0 - PROGRESS: at 98.94% examples, 601946 words/s, in_qsize 1, out_qsize 1
2025-03-07 11:38:48,616 - gensim.models.word2vec - INFO - EPOCH 0: training on 801729 raw words (624105 effective words) took 1.0s, 608505 effective words/s
2025-03-07 11:38:49,626 - gensim.models.word2vec - INFO - EPOCH 1 - PROGRESS: at 98.94% examples, 613776 words/s, in_qsize 1, out_qsize 1
2025-03-07 11:38:49,627 - gensim.models.word2vec - INFO - EPOCH 1: training on 801729 raw words (624060 effective words) took 1.0s, 621520 effective words/s
2025-03-07 11:38:50,638 - gensim.models.word2vec - INFO - EPOCH 2 - PROGRESS: at 96.60% examples, 596778 words/s, in_qsize 3, out_qsize 1
2025-03-07 11:38:50,675 - gensim.models.word2vec - INFO - EPOCH 2: training on 801729 raw words (624187 effective words) took 1.0s, 599341 effective words/s
2025-03-07 11:38:51,639 - gensim.models.word2vec - INFO - EPOCH 3: training on 801729 raw words (623982 effective words) took 1.0s, 651791 effective words/s
2025-03-07 11:38:52,601 - gensim.models.word2vec - INFO - EPOCH 4: training on 801729 raw words (624032 effective words) took 1.0s, 654051 effective words/s
2025-03-07 11:38:52,601 - gensim.utils - INFO - Word2Vec lifecycle event {'msg': 'training on 4008645 raw words (3120366 effective words) took 5.0s, 621579 effective words/s', 'datetime': '2025-03-07T11:38:52.601645', 'gensim': '4.3.3', 'python': '3.11.11 (main, Dec  3 2024, 17:20:40) [Clang 16.0.0 (clang-1600.0.26.4)]', 'platform': 'macOS-15.3.1-arm64-arm-64bit', 'event': 'train'}
2025-03-07 11:38:52,601 - gensim.utils - INFO - Word2Vec lifecycle event {'params': 'Word2Vec<vocab=5383, vector_size=400, alpha=0.025>', 'datetime': '2025-03-07T11:38:52.601869', 'gensim': '4.3.3', 'python': '3.11.11 (main, Dec  3 2024, 17:20:40) [Clang 16.0.0 (clang-1600.0.26.4)]', 'platform': 'macOS-15.3.1-arm64-arm-64bit', 'event': 'created'}
2025-03-07 11:38:52,602 - gensim.utils - INFO - Word2Vec lifecycle event {'fname_or_handle': 'models/astro_vec_model', 'separately': 'None', 'sep_limit': 10485760, 'ignore': frozenset(), 'datetime': '2025-03-07T11:38:52.602293', 'gensim': '4.3.3', 'python': '3.11.11 (main, Dec  3 2024, 17:20:40) [Clang 16.0.0 (clang-1600.0.26.4)]', 'platform': 'macOS-15.3.1-arm64-arm-64bit', 'event': 'saving'}
2025-03-07 11:38:52,602 - gensim.utils - INFO - not storing attribute cum_table
2025-03-07 11:38:52,611 - gensim.utils - INFO - saved models/astro_vec_model
2025-03-07 11:38:52,612 - PDFExtractor - INFO - Word2Vec model saved to models/astro_vec_model (training took 5.21 seconds)
2025-03-07 11:38:52,612 - PDFExtractor - INFO - Vocabulary size: 5383 words
2025-03-07 11:38:52,617 - PDFExtractor - INFO - Words most similar to 'cancer': [('allows', 0.5637847781181335), ('conflicts', 0.5563676357269287), ('trying', 0.5456418991088867), ('avoiding', 0.5448976755142212), ('moody', 0.5374504923820496)]
2025-03-07 11:38:52,618 - PDFExtractor - INFO - Words most similar to 'astrology': [('vedic', 0.6239954233169556), ('applications', 0.5457046627998352), ('remedial', 0.5436086058616638), ('traditional', 0.5366339087486267), ('introduction', 0.5350218415260315)]
2025-03-07 11:38:52,619 - PDFExtractor - INFO - Total processing time: 79.94 seconds
